Build started 2/3/2015 3:41:08 PM.
     1>Project "F:\C++ Reference\C++ Reference Information\Classes and Objects\Static Class Member\Static Class Member\Static Class Member.vcxproj" on node 2 (Build target(s)).
     1>ClCompile:
         C:\Program Files (x86)\Microsoft Visual Studio 12.0\VC\bin\CL.exe /c /ZI /nologo /W3 /WX- /sdl /Od /Oy- /D _MBCS /Gm /EHsc /RTC1 /MDd /GS /fp:precise /Zc:wchar_t /Zc:forScope /Fo"Debug\\" /Fd"Debug\vc120.pdb" /Gd /TP /analyze- /errorReport:prompt Source.cpp
         Source.cpp
       Link:
         C:\Program Files (x86)\Microsoft Visual Studio 12.0\VC\bin\link.exe /ERRORREPORT:PROMPT /OUT:"F:\C++ Reference\C++ Reference Information\Classes and Objects\Static Class Member\Debug\Static Class Member.exe" /INCREMENTAL /NOLOGO kernel32.lib user32.lib gdi32.lib winspool.lib comdlg32.lib advapi32.lib shell32.lib ole32.lib oleaut32.lib uuid.lib odbc32.lib odbccp32.lib /MANIFEST /MANIFESTUAC:"level='asInvoker' uiAccess='false'" /manifest:embed /DEBUG /PDB:"F:\C++ Reference\C++ Reference Information\Classes and Objects\Static Class Member\Debug\Static Class Member.pdb" /TLBID:1 /DYNAMICBASE /NXCOMPAT /IMPLIB:"F:\C++ Reference\C++ Reference Information\Classes and Objects\Static Class Member\Debug\Static Class Member.lib" /MACHINE:X86 Debug\Source.obj
     1>Source.obj : error LNK2001: unresolved external symbol "private: static int item::count" (?count@item@@0HA)
     1>F:\C++ Reference\C++ Reference Information\Classes and Objects\Static Class Member\Debug\Static Class Member.exe : fatal error LNK1120: 1 unresolved externals
     1>Done Building Project "F:\C++ Reference\C++ Reference Information\Classes and Objects\Static Class Member\Static Class Member\Static Class Member.vcxproj" (Build target(s)) -- FAILED.

Build FAILED.

Time Elapsed 00:00:02.37
